(GMT)2004.05.11-17:35:20 * (LOCAL)2004.05.11-20:35:20

../guestbook_hu.html: ===== LOGS ===== 
../guestbook_hu.html: beginning mark found on: line 46
../guestbook_hu.html: ending mark found on: line 57
../guestbook_hu.html: write OK 

../guestbook_en.html: ===== LOGS ===== 
../guestbook_en.html: beginning mark found on: line 44
../guestbook_en.html: ending mark found on: line 55
../guestbook_en.html: write OK 

(GMT)2004.05.11-17:35:40 * (LOCAL)2004.05.11-20:35:40

../guestbook_hu.html: ===== LOGS ===== 
../guestbook_hu.html: beginning mark found on: line 46
../guestbook_hu.html: ending mark found on: line 57
../guestbook_hu.html: write OK 

../guestbook_en.html: ===== LOGS ===== 
../guestbook_en.html: beginning mark found on: line 44
../guestbook_en.html: ending mark found on: line 55
../guestbook_en.html: write OK 

(GMT)2004.05.12-11:47:33 * (LOCAL)2004.05.12-14:47:33

../guestbook_hu.html: ===== LOGS ===== 
../guestbook_hu.html: beginning mark found on: line 47
../guestbook_hu.html: ending mark found on: line 58
../guestbook_hu.html: write OK 

../guestbook_en.html: ===== LOGS ===== 
../guestbook_en.html: beginning mark found on: line 45
../guestbook_en.html: ending mark found on: line 56
../guestbook_en.html: write OK 

(GMT)2004.05.12-11:51:56 * (LOCAL)2004.05.12-14:51:56

../guestbook_hu.html: ===== LOGS ===== 
../guestbook_hu.html: beginning mark found on: line 47
../guestbook_hu.html: ending mark found on: line 63
../guestbook_hu.html: write OK 

../guestbook_en.html: ===== LOGS ===== 
../guestbook_en.html: beginning mark found on: line 45
../guestbook_en.html: ending mark found on: line 61
../guestbook_en.html: write OK 

(GMT)2004.05.12-11:56:53 * (LOCAL)2004.05.12-14:56:53

../guestbook_en.html: ===== LOGS ===== 
../guestbook_en.html: beginning mark found on: line 45
../guestbook_en.html: ending mark found on: line 61
../guestbook_en.html: write OK 

../guestbook_hu.html: ===== LOGS ===== 
../guestbook_hu.html: beginning mark found on: line 47
../guestbook_hu.html: ending mark found on: line 63
../guestbook_hu.html: write OK 

(GMT)2004.05.15-12:18:50 * (LOCAL)2004.05.15-15:18:50

../guestbook_en.html: ===== LOGS ===== 
../guestbook_en.html: beginning mark found on: line 44
../guestbook_en.html: ending mark found on: line 60
../guestbook_en.html: write OK 

../guestbook_hu.html: ===== LOGS ===== 
../guestbook_hu.html: beginning mark found on: line 46
../guestbook_hu.html: ending mark found on: line 62
../guestbook_hu.html: write OK 

(GMT)2004.05.20-10:13:12 * (LOCAL)2004.05.20-13:13:12

../guestbook_de.html: ===== LOGS ===== 
../guestbook_de.html: beginning mark found on: line 45
../guestbook_de.html: ending mark found on: line 56
../guestbook_de.html: write OK 

../guestbook_en.html: ===== LOGS ===== 
../guestbook_en.html: beginning mark found on: line 45
../guestbook_en.html: ending mark found on: line 56
../guestbook_en.html: write OK 

../guestbook_hu.html: ===== LOGS ===== 
../guestbook_hu.html: beginning mark found on: line 47
../guestbook_hu.html: ending mark found on: line 58
../guestbook_hu.html: write OK 

(GMT)2004.09.23-15:01:58 * (LOCAL)2004.09.23-17:01:58

../guestbook_de.html: ===== LOGS ===== 
../guestbook_de.html: beginning mark found on: line 45
../guestbook_de.html: ending mark found on: line 61
../guestbook_de.html: write OK 

../guestbook_en.html: ===== LOGS ===== 
../guestbook_en.html: beginning mark found on: line 45
../guestbook_en.html: ending mark found on: line 61
../guestbook_en.html: write OK 

../guestbook_hu.html: ===== LOGS ===== 
../guestbook_hu.html: beginning mark found on: line 47
../guestbook_hu.html: ending mark found on: line 63
../guestbook_hu.html: write OK 

(GMT)2004.09.23-15:07:44 * (LOCAL)2004.09.23-17:07:44

../guestbook_de.html: ===== LOGS ===== 
../guestbook_de.html: beginning mark found on: line 45
../guestbook_de.html: ending mark found on: line 66
../guestbook_de.html: write OK 

../guestbook_en.html: ===== LOGS ===== 
../guestbook_en.html: beginning mark found on: line 45
../guestbook_en.html: ending mark found on: line 66
../guestbook_en.html: write OK 

../guestbook_hu.html: ===== LOGS ===== 
../guestbook_hu.html: beginning mark found on: line 47
../guestbook_hu.html: ending mark found on: line 68
../guestbook_hu.html: write OK 

(GMT)2004.09.23-15:08:50 * (LOCAL)2004.09.23-17:08:50

../guestbook_de.html: ===== LOGS ===== 
../guestbook_de.html: beginning mark found on: line 45
../guestbook_de.html: ending mark found on: line 71
../guestbook_de.html: write OK 

../guestbook_en.html: ===== LOGS ===== 
../guestbook_en.html: beginning mark found on: line 45
../guestbook_en.html: ending mark found on: line 71
../guestbook_en.html: write OK 

../guestbook_hu.html: ===== LOGS ===== 
../guestbook_hu.html: beginning mark found on: line 47
../guestbook_hu.html: ending mark found on: line 73
../guestbook_hu.html: write OK 

(GMT)2004.09.23-15:10:22 * (LOCAL)2004.09.23-17:10:22

../guestbook_de.html: ===== LOGS ===== 
../guestbook_de.html: beginning mark found on: line 45
../guestbook_de.html: ending mark found on: line 76
../guestbook_de.html: write OK 

../guestbook_en.html: ===== LOGS ===== 
../guestbook_en.html: beginning mark found on: line 45
../guestbook_en.html: ending mark found on: line 76
../guestbook_en.html: write OK 

../guestbook_hu.html: ===== LOGS ===== 
../guestbook_hu.html: beginning mark found on: line 47
../guestbook_hu.html: ending mark found on: line 78
../guestbook_hu.html: write OK 

(GMT)2004.09.23-15:10:44 * (LOCAL)2004.09.23-17:10:44

../guestbook_de.html: ===== LOGS ===== 
../guestbook_de.html: beginning mark found on: line 45
../guestbook_de.html: ending mark found on: line 81
../guestbook_de.html: write OK 

../guestbook_en.html: ===== LOGS ===== 
../guestbook_en.html: beginning mark found on: line 45
../guestbook_en.html: ending mark found on: line 81
../guestbook_en.html: write OK 

../guestbook_hu.html: ===== LOGS ===== 
../guestbook_hu.html: beginning mark found on: line 47
../guestbook_hu.html: ending mark found on: line 83
../guestbook_hu.html: write OK 

(GMT)2004.09.23-15:14:06 * (LOCAL)2004.09.23-17:14:06

../guestbook_de.html: ===== LOGS ===== 
../guestbook_de.html: beginning mark found on: line 45
../guestbook_de.html: ending mark found on: line 86
../guestbook_de.html: write OK 

../guestbook_en.html: ===== LOGS ===== 
../guestbook_en.html: beginning mark found on: line 45
../guestbook_en.html: ending mark found on: line 86
../guestbook_en.html: write OK 

../guestbook_hu.html: ===== LOGS ===== 
../guestbook_hu.html: beginning mark found on: line 47
../guestbook_hu.html: ending mark found on: line 88
../guestbook_hu.html: write OK 

(GMT)2004.09.23-15:18:57 * (LOCAL)2004.09.23-17:18:57

../guestbook_de.html: ===== LOGS ===== 
../guestbook_de.html: beginning mark found on: line 45
../guestbook_de.html: ending mark found on: line 91
../guestbook_de.html: write OK 

../guestbook_en.html: ===== LOGS ===== 
../guestbook_en.html: beginning mark found on: line 45
../guestbook_en.html: ending mark found on: line 91
../guestbook_en.html: write OK 

../guestbook_hu.html: ===== LOGS ===== 
../guestbook_hu.html: beginning mark found on: line 47
../guestbook_hu.html: ending mark found on: line 93
../guestbook_hu.html: write OK 

(GMT)2004.09.23-15:30:04 * (LOCAL)2004.09.23-17:30:04

../guestbook_de.html: ===== LOGS ===== 
../guestbook_de.html: beginning mark found on: line 45
../guestbook_de.html: ending mark found on: line 96
../guestbook_de.html: write OK 

../guestbook_en.html: ===== LOGS ===== 
../guestbook_en.html: beginning mark found on: line 45
../guestbook_en.html: ending mark found on: line 96
../guestbook_en.html: write OK 

../guestbook_hu.html: ===== LOGS ===== 
../guestbook_hu.html: beginning mark found on: line 47
../guestbook_hu.html: ending mark found on: line 98
../guestbook_hu.html: write OK 

(GMT)2004.10.11-07:41:47 * (LOCAL)2004.10.11-09:41:47

../guestbook_de.html: ===== LOGS ===== 
../guestbook_de.html: beginning mark found on: line 45
../guestbook_de.html: ending mark found on: line 61
../guestbook_de.html: write OK 

../guestbook_en.html: ===== LOGS ===== 
../guestbook_en.html: beginning mark found on: line 45
../guestbook_en.html: ending mark found on: line 61
../guestbook_en.html: write OK 

../guestbook_hu.html: ===== LOGS ===== 
../guestbook_hu.html: beginning mark found on: line 47
../guestbook_hu.html: ending mark found on: line 63
../guestbook_hu.html: write OK 

(GMT)2004.10.31-07:06:19 * (LOCAL)2004.10.31-08:06:19

../guestbook_de.html: ===== LOGS ===== 
../guestbook_de.html: beginning mark found on: line 45
../guestbook_de.html: ending mark found on: line 66
../guestbook_de.html: write OK 

../guestbook_en.html: ===== LOGS ===== 
../guestbook_en.html: beginning mark found on: line 45
../guestbook_en.html: ending mark found on: line 66
../guestbook_en.html: write OK 

../guestbook_hu.html: ===== LOGS ===== 
../guestbook_hu.html: beginning mark found on: line 47
../guestbook_hu.html: ending mark found on: line 68
../guestbook_hu.html: write OK 

(GMT)2004.10.31-07:07:22 * (LOCAL)2004.10.31-08:07:22

../guestbook_de.html: ===== LOGS ===== 
../guestbook_de.html: beginning mark found on: line 45
../guestbook_de.html: ending mark found on: line 71
../guestbook_de.html: write OK 

../guestbook_en.html: ===== LOGS ===== 
../guestbook_en.html: beginning mark found on: line 45
../guestbook_en.html: ending mark found on: line 71
../guestbook_en.html: write OK 

../guestbook_hu.html: ===== LOGS ===== 
../guestbook_hu.html: beginning mark found on: line 47
../guestbook_hu.html: ending mark found on: line 73
../guestbook_hu.html: write OK 

(GMT)2005.01.27-14:03:52 * (LOCAL)2005.01.27-15:03:52

../guestbook_de.html: ===== LOGS ===== 
../guestbook_de.html: beginning mark found on: line 45
../guestbook_de.html: ending mark found on: line 61
../guestbook_de.html: write OK 

../guestbook_en.html: ===== LOGS ===== 
../guestbook_en.html: beginning mark found on: line 45
../guestbook_en.html: ending mark found on: line 61
../guestbook_en.html: write OK 

../guestbook_hu.html: ===== LOGS ===== 
../guestbook_hu.html: beginning mark found on: line 47
../guestbook_hu.html: ending mark found on: line 63
../guestbook_hu.html: write OK 

(GMT)2005.01.31-12:22:48 * (LOCAL)2005.01.31-13:22:48

../guestbook_de.html: ===== LOGS ===== 
../guestbook_de.html: beginning mark found on: line 45
../guestbook_de.html: ending mark found on: line 61
../guestbook_de.html: write OK 

../guestbook_en.html: ===== LOGS ===== 
../guestbook_en.html: beginning mark found on: line 45
../guestbook_en.html: ending mark found on: line 61
../guestbook_en.html: write OK 

../guestbook_hu.html: ===== LOGS ===== 
../guestbook_hu.html: beginning mark found on: line 47
../guestbook_hu.html: ending mark found on: line 63
../guestbook_hu.html: write OK 

(GMT)2005.05.23-16:43:45 * (LOCAL)2005.05.23-18:43:45

../guestbook_de.html: ===== LOGS ===== 
../guestbook_de.html: beginning mark found on: line 45
../guestbook_de.html: ending mark found on: line 76
../guestbook_de.html: write OK 

../guestbook_en.html: ===== LOGS ===== 
../guestbook_en.html: beginning mark found on: line 45
../guestbook_en.html: ending mark found on: line 76
../guestbook_en.html: write OK 

../guestbook_hu.html: ===== LOGS ===== 
../guestbook_hu.html: beginning mark found on: line 47
../guestbook_hu.html: ending mark found on: line 78
../guestbook_hu.html: write OK 

